<?xml version="1.0" encoding="UTF-8"?>
<testsuite name="models.SquadTest" tests="5" skipped="0" failures="0" errors="0" timestamp="2020-12-01T10:58:45" hostname="security-overide" time="0.013">
  <properties/>
  <testcase name="addMember_addsMemberToSquad_Hero" classname="models.SquadTest" time="0.003"/>
  <testcase name="newSquad_getSize_Int" classname="models.SquadTest" time="0.0"/>
  <testcase name="setNewMember_hero" classname="models.SquadTest" time="0.001"/>
  <testcase name="newSquad_instantiatesCorrectly_true" classname="models.SquadTest" time="0.001"/>
  <testcase name="newSquad_getInstances_true" classname="models.SquadTest" time="0.001"/>
  <system-out><![CDATA[]]></system-out>
  <system-err><![CDATA[]]></system-err>
</testsuite>
